<?xml version="1.0" encoding="UTF-8"?>
<!-- Generated by org.testng.reporters.JUnitReportReporter -->
<testsuite skipped="0" hostname="DESKTOP-CTN8QTI" name="Test_Runner" tests="1" failures="0" timestamp="2021-07-07T03:16:44 EDT" time="29.200" errors="0">
  <testcase name="runScenario" time="29.200" classname="Test_Runner"/>
  <system-out/>
</testsuite> <!-- Test_Runner -->
