<?xml version="1.0" encoding="UTF-8"?>
<!-- Generated by org.testng.reporters.JUnitReportReporter -->
<testsuite skipped="0" hostname="DESKTOP-CTN8QTI" name="Test_Runner" tests="1" failures="0" timestamp="2021-07-06T00:35:45 EDT" time="2.882" errors="0">
  <testcase name="runScenario" time="2.882" classname="Test_Runner"/>
  <system-out/>
</testsuite> <!-- Test_Runner -->
